[debug] [2024-06-15T23:05:10.717Z] ----------------------------------------------------------------------
[debug] [2024-06-15T23:05:10.719Z] Command:       C:\Program Files\nodejs\node.exe C:\Users\dealv\AppData\Roaming\npm\node_modules\firebase-tools\lib\bin\firebase.js deploy --only functions
[debug] [2024-06-15T23:05:10.719Z] CLI Version:   13.7.4
[debug] [2024-06-15T23:05:10.719Z] Platform:      win32
[debug] [2024-06-15T23:05:10.719Z] Node Version:  v22.1.0
[debug] [2024-06-15T23:05:10.719Z] Time:          Sat Jun 15 2024 19:05:10 GMT-0400 (Eastern Daylight Time)
[debug] [2024-06-15T23:05:10.720Z] ----------------------------------------------------------------------
[debug] 
[debug] [2024-06-15T23:05:10.772Z] > command requires scopes: ["email","openid","https://www.googleapis.com/auth/cloudplatformprojects.readonly","https://www.googleapis.com/auth/firebase","https://www.googleapis.com/auth/cloud-platform"]
[debug] [2024-06-15T23:05:10.772Z] > authorizing via signed-in user (dealvik@gmail.com)
[debug] [2024-06-15T23:05:10.772Z] [iam] checking project fir-full-stack-app for permissions ["cloudfunctions.functions.create","cloudfunctions.functions.delete","cloudfunctions.functions.get","cloudfunctions.functions.list","cloudfunctions.functions.update","cloudfunctions.operations.get","firebase.projects.get"]
[debug] [2024-06-15T23:05:10.774Z] >>> [apiv2][query] POST https://cloudresourcemanager.googleapis.com/v1/projects/fir-full-stack-app:testIamPermissions [none]
[debug] [2024-06-15T23:05:10.774Z] >>> [apiv2][(partial)header] POST https://cloudresourcemanager.googleapis.com/v1/projects/fir-full-stack-app:testIamPermissions x-goog-quota-user=projects/fir-full-stack-app
[debug] [2024-06-15T23:05:10.779Z] >>> [apiv2][body] POST https://cloudresourcemanager.googleapis.com/v1/projects/fir-full-stack-app:testIamPermissions {"permissions":["cloudfunctions.functions.create","cloudfunctions.functions.delete","cloudfunctions.functions.get","cloudfunctions.functions.list","cloudfunctions.functions.update","cloudfunctions.operations.get","firebase.projects.get"]}
[debug] [2024-06-15T23:05:11.204Z] <<< [apiv2][status] POST https://cloudresourcemanager.googleapis.com/v1/projects/fir-full-stack-app:testIamPermissions 200
[debug] [2024-06-15T23:05:11.204Z] <<< [apiv2][body] POST https://cloudresourcemanager.googleapis.com/v1/projects/fir-full-stack-app:testIamPermissions {"permissions":["cloudfunctions.functions.create","cloudfunctions.functions.delete","cloudfunctions.functions.get","cloudfunctions.functions.list","cloudfunctions.functions.update","cloudfunctions.operations.get","firebase.projects.get"]}
[debug] [2024-06-15T23:05:11.204Z] >>> [apiv2][query] POST https://iam.googleapis.com/v1/projects/fir-full-stack-app/serviceAccounts/fir-full-stack-app@appspot.gserviceaccount.com:testIamPermissions [none]
[debug] [2024-06-15T23:05:11.205Z] >>> [apiv2][body] POST https://iam.googleapis.com/v1/projects/fir-full-stack-app/serviceAccounts/fir-full-stack-app@appspot.gserviceaccount.com:testIamPermissions {"permissions":["iam.serviceAccounts.actAs"]}
[debug] [2024-06-15T23:05:11.636Z] <<< [apiv2][status] POST https://iam.googleapis.com/v1/projects/fir-full-stack-app/serviceAccounts/fir-full-stack-app@appspot.gserviceaccount.com:testIamPermissions 200
[debug] [2024-06-15T23:05:11.636Z] <<< [apiv2][body] POST https://iam.googleapis.com/v1/projects/fir-full-stack-app/serviceAccounts/fir-full-stack-app@appspot.gserviceaccount.com:testIamPermissions {"permissions":["iam.serviceAccounts.actAs"]}
[info] 
[info] === Deploying to 'fir-full-stack-app'...
[info] 
[info] i  deploying functions 
[debug] [2024-06-15T23:05:11.638Z] >>> [apiv2][query] GET https://firebase.googleapis.com/v1beta1/projects/fir-full-stack-app [none]
[debug] [2024-06-15T23:05:12.214Z] <<< [apiv2][status] GET https://firebase.googleapis.com/v1beta1/projects/fir-full-stack-app 200
[debug] [2024-06-15T23:05:12.214Z] <<< [apiv2][body] GET https://firebase.googleapis.com/v1beta1/projects/fir-full-stack-app {"projectId":"fir-full-stack-app","projectNumber":"1067126523779","displayName":"Firebase-Full-Stack-App","name":"projects/fir-full-stack-app","resources":{"hostingSite":"fir-full-stack-app","storageBucket":"fir-full-stack-app.appspot.com","locationId":"us-central"},"state":"ACTIVE","etag":"1_652b59b2-07da-44c3-b6f4-88b014e57c1c"}
[info] i  functions: preparing codebase default for deployment 
[info] i  functions: ensuring required API cloudfunctions.googleapis.com is enabled... 
[info] i  functions: ensuring required API cloudbuild.googleapis.com is enabled... 
[info] i  artifactregistry: ensuring required API artifactregistry.googleapis.com is enabled... 
[debug] [2024-06-15T23:05:12.215Z] >>> [apiv2][query] GET https://serviceusage.googleapis.com/v1/projects/fir-full-stack-app/services/cloudfunctions.googleapis.com [none]
[debug] [2024-06-15T23:05:12.216Z] >>> [apiv2][(partial)header] GET https://serviceusage.googleapis.com/v1/projects/fir-full-stack-app/services/cloudfunctions.googleapis.com x-goog-quota-user=projects/fir-full-stack-app
[debug] [2024-06-15T23:05:12.216Z] >>> [apiv2][query] GET https://serviceusage.googleapis.com/v1/projects/fir-full-stack-app/services/runtimeconfig.googleapis.com [none]
[debug] [2024-06-15T23:05:12.216Z] >>> [apiv2][(partial)header] GET https://serviceusage.googleapis.com/v1/projects/fir-full-stack-app/services/runtimeconfig.googleapis.com x-goog-quota-user=projects/fir-full-stack-app
[debug] [2024-06-15T23:05:12.217Z] >>> [apiv2][query] GET https://serviceusage.googleapis.com/v1/projects/fir-full-stack-app/services/cloudbuild.googleapis.com [none]
[debug] [2024-06-15T23:05:12.217Z] >>> [apiv2][(partial)header] GET https://serviceusage.googleapis.com/v1/projects/fir-full-stack-app/services/cloudbuild.googleapis.com x-goog-quota-user=projects/fir-full-stack-app
[debug] [2024-06-15T23:05:12.218Z] >>> [apiv2][query] GET https://serviceusage.googleapis.com/v1/projects/fir-full-stack-app/services/artifactregistry.googleapis.com [none]
[debug] [2024-06-15T23:05:12.218Z] >>> [apiv2][(partial)header] GET https://serviceusage.googleapis.com/v1/projects/fir-full-stack-app/services/artifactregistry.googleapis.com x-goog-quota-user=projects/fir-full-stack-app
[debug] [2024-06-15T23:05:12.944Z] <<< [apiv2][status] GET https://serviceusage.googleapis.com/v1/projects/fir-full-stack-app/services/runtimeconfig.googleapis.com 200
[debug] [2024-06-15T23:05:12.944Z] <<< [apiv2][body] GET https://serviceusage.googleapis.com/v1/projects/fir-full-stack-app/services/runtimeconfig.googleapis.com [omitted]
[debug] [2024-06-15T23:05:12.945Z] <<< [apiv2][status] GET https://serviceusage.googleapis.com/v1/projects/fir-full-stack-app/services/artifactregistry.googleapis.com 200
[debug] [2024-06-15T23:05:12.945Z] <<< [apiv2][body] GET https://serviceusage.googleapis.com/v1/projects/fir-full-stack-app/services/artifactregistry.googleapis.com [omitted]
[info] +  artifactregistry: required API artifactregistry.googleapis.com is enabled 
[debug] [2024-06-15T23:05:12.950Z] <<< [apiv2][status] GET https://serviceusage.googleapis.com/v1/projects/fir-full-stack-app/services/cloudbuild.googleapis.com 200
[debug] [2024-06-15T23:05:12.950Z] <<< [apiv2][body] GET https://serviceusage.googleapis.com/v1/projects/fir-full-stack-app/services/cloudbuild.googleapis.com [omitted]
[info] +  functions: required API cloudbuild.googleapis.com is enabled 
[debug] [2024-06-15T23:05:12.951Z] <<< [apiv2][status] GET https://serviceusage.googleapis.com/v1/projects/fir-full-stack-app/services/cloudfunctions.googleapis.com 200
[debug] [2024-06-15T23:05:12.951Z] <<< [apiv2][body] GET https://serviceusage.googleapis.com/v1/projects/fir-full-stack-app/services/cloudfunctions.googleapis.com [omitted]
[info] +  functions: required API cloudfunctions.googleapis.com is enabled 
[debug] [2024-06-15T23:05:12.951Z] >>> [apiv2][query] GET https://firebase.googleapis.com/v1beta1/projects/fir-full-stack-app/adminSdkConfig [none]
[debug] [2024-06-15T23:05:13.344Z] <<< [apiv2][status] GET https://firebase.googleapis.com/v1beta1/projects/fir-full-stack-app/adminSdkConfig 200
[debug] [2024-06-15T23:05:13.344Z] <<< [apiv2][body] GET https://firebase.googleapis.com/v1beta1/projects/fir-full-stack-app/adminSdkConfig {"projectId":"fir-full-stack-app","storageBucket":"fir-full-stack-app.appspot.com","locationId":"us-central"}
[debug] [2024-06-15T23:05:13.345Z] >>> [apiv2][query] GET https://runtimeconfig.googleapis.com/v1beta1/projects/fir-full-stack-app/configs [none]
[debug] [2024-06-15T23:05:13.555Z] <<< [apiv2][status] GET https://runtimeconfig.googleapis.com/v1beta1/projects/fir-full-stack-app/configs 200
[debug] [2024-06-15T23:05:13.555Z] <<< [apiv2][body] GET https://runtimeconfig.googleapis.com/v1beta1/projects/fir-full-stack-app/configs {}
[debug] [2024-06-15T23:05:13.557Z] Validating nodejs source
[warn] !  functions: Runtime Node.js 14 was deprecated on 2024-01-30 and will be decommissioned on 2025-01-30, after which you will not be able to deploy without upgrading. Consider upgrading now to avoid disruption. See https://cloud.google.com/functions/docs/runtime-support for full details on the lifecycle policy 
[warn] !  functions: package.json indicates an outdated version of firebase-functions. Please upgrade using npm install --save firebase-functions@latest in your functions directory. 
[warn] !  functions: Please note that there will be breaking changes when you upgrade. 
[debug] [2024-06-15T23:05:14.612Z] > [functions] package.json contents: {
  "name": "functions",
  "description": "Firebase Functions",
  "dependencies": {
    "express": "^4.19.2",
    "cors": "^2.8.5",
    "@google/generative-ai": "^0.8.0",
    "dotenv": "^8.2.0",
    "firebase-admin": "^9.4.2",
    "firebase-functions": "^3.13.2"
  },
  "engines": {
    "node": "14"
  },
  "scripts": {
    "start": "firebase serve --only functions",
    "deploy": "firebase deploy --only functions"
  },
  "private": true
}
[debug] [2024-06-15T23:05:14.612Z] Building nodejs source
[info] i  functions: Loading and analyzing source code for codebase default to determine what to deploy 
[debug] [2024-06-15T23:05:14.613Z] Could not find functions.yaml. Must use http discovery
[debug] [2024-06-15T23:05:14.620Z] Found firebase-functions binary at 'C:\Users\dealv\OneDrive\Documents\My Projects\Firebase-Node-App\functions\node_modules\.bin\firebase-functions'
[info] Serving at port 8233

[debug] [2024-06-15T23:05:14.849Z] Got response from /__/functions.yaml {"endpoints":{"api":{"platform":"gcfv1","httpsTrigger":{},"entryPoint":"api"}},"specVersion":"v1alpha1","requiredAPIs":[]}
[info] shutdown requested via /__/quitquitquit

[info] i  functions: preparing functions directory for uploading... 
[info] i  functions: packaged C:\Users\dealv\OneDrive\Documents\My Projects\Firebase-Node-App\functions (31.76 KB) for uploading 
[debug] [2024-06-15T23:05:19.907Z] >>> [apiv2][query] GET https://cloudfunctions.googleapis.com/v1/projects/fir-full-stack-app/locations/-/functions [none]
[debug] [2024-06-15T23:05:20.650Z] <<< [apiv2][status] GET https://cloudfunctions.googleapis.com/v1/projects/fir-full-stack-app/locations/-/functions 200
[debug] [2024-06-15T23:05:20.650Z] <<< [apiv2][body] GET https://cloudfunctions.googleapis.com/v1/projects/fir-full-stack-app/locations/-/functions {"functions":[{"name":"projects/fir-full-stack-app/locations/us-central1/functions/api","httpsTrigger":{"url":"https://us-central1-fir-full-stack-app.cloudfunctions.net/api","securityLevel":"SECURE_ALWAYS"},"status":"OFFLINE","entryPoint":"api","timeout":"60s","availableMemoryMb":256,"serviceAccountEmail":"fir-full-stack-app@appspot.gserviceaccount.com","updateTime":"2024-06-15T21:43:56.266Z","versionId":"2","labels":{"deployment-tool":"cli-firebase","firebase-functions-hash":"28bf77a7a138d6d30e45161c2baeb83aaa4b7668"},"sourceUploadUrl":"https://storage.googleapis.com/uploads-809250139137.us-central1.cloudfunctions.appspot.com/667634e2-1ee8-4e07-b2ee-dcb50183e5c7.zip","environmentVariables":{"FIREBASE_CONFIG":"{\"projectId\":\"fir-full-stack-app\",\"storageBucket\":\"fir-full-stack-app.appspot.com\",\"locationId\":\"us-central\"}","GCLOUD_PROJECT":"fir-full-stack-app","EVENTARC_CLOUD_EVENT_SOURCE":"projects/fir-full-stack-app/locations/us-central1/functions/api"},"runtime":"nodejs14","ingressSettings":"ALLOW_ALL","buildId":"294ad2b7-44a1-482f-8f4d-6bb740034321","buildEnvironmentVariables":{"GOOGLE_NODE_RUN_SCRIPTS":""},"buildName":"projects/1067126523779/locations/us-central1/builds/294ad2b7-44a1-482f-8f4d-6bb740034321","dockerRegistry":"ARTIFACT_REGISTRY","automaticUpdatePolicy":{}}]}
[debug] [2024-06-15T23:05:20.651Z] >>> [apiv2][query] GET https://cloudfunctions.googleapis.com/v2/projects/fir-full-stack-app/locations/-/functions filter=environment%3D%22GEN_2%22
[debug] [2024-06-15T23:05:21.205Z] <<< [apiv2][status] GET https://cloudfunctions.googleapis.com/v2/projects/fir-full-stack-app/locations/-/functions 200
[debug] [2024-06-15T23:05:21.206Z] <<< [apiv2][body] GET https://cloudfunctions.googleapis.com/v2/projects/fir-full-stack-app/locations/-/functions {}
[debug] [2024-06-15T23:05:21.208Z] >>> [apiv2][query] GET https://firebase.googleapis.com/v1beta1/projects/fir-full-stack-app [none]
[debug] [2024-06-15T23:05:21.568Z] <<< [apiv2][status] GET https://firebase.googleapis.com/v1beta1/projects/fir-full-stack-app 200
[debug] [2024-06-15T23:05:21.568Z] <<< [apiv2][body] GET https://firebase.googleapis.com/v1beta1/projects/fir-full-stack-app {"projectId":"fir-full-stack-app","projectNumber":"1067126523779","displayName":"Firebase-Full-Stack-App","name":"projects/fir-full-stack-app","resources":{"hostingSite":"fir-full-stack-app","storageBucket":"fir-full-stack-app.appspot.com","locationId":"us-central"},"state":"ACTIVE","etag":"1_652b59b2-07da-44c3-b6f4-88b014e57c1c"}
[debug] [2024-06-15T23:05:21.569Z] >>> [apiv2][query] POST https://cloudfunctions.googleapis.com/v1/projects/fir-full-stack-app/locations/us-central1/functions:generateUploadUrl [none]
[debug] [2024-06-15T23:05:21.569Z] >>> [apiv2][body] POST https://cloudfunctions.googleapis.com/v1/projects/fir-full-stack-app/locations/us-central1/functions:generateUploadUrl {}
[debug] [2024-06-15T23:05:22.060Z] <<< [apiv2][status] POST https://cloudfunctions.googleapis.com/v1/projects/fir-full-stack-app/locations/us-central1/functions:generateUploadUrl 200
[debug] [2024-06-15T23:05:22.060Z] <<< [apiv2][body] POST https://cloudfunctions.googleapis.com/v1/projects/fir-full-stack-app/locations/us-central1/functions:generateUploadUrl {"uploadUrl":"https://storage.googleapis.com/uploads-809250139137.us-central1.cloudfunctions.appspot.com/b4705298-259d-424b-8278-43a41f2c6af3.zip?GoogleAccessId=service-1067126523779@gcf-admin-robot.iam.gserviceaccount.com&Expires=1718494518&Signature=IXCD5TPKZewAAsh9kyC3TnGeACyvxa07oiHWnYt7IEOq2ve4aZJvMPSqC5p0AiaY8gVd2rj8FOfH6RkkE%2Bz2jmPWPK%2BArkmVb9Q7ywsxf5yymmkeFFuDS%2B5aolbmUwYwKEZ5A4YN8guwa%2BeF7R01SGTpL6urSUg19TZNFjwwkKgsZIT%2F9lbpWXJl2CiO3QMUNQPedPUoMMqfZOMP%2FVPttfQxqqrEc%2FLR898ncc8hjfusIQ6I91y9GcBP%2BiHgIMXlyfWiUJlzbKGJqeYnaXbbgdB2yXmK%2F2QKO%2BIlew%2FU1u8f2LFFd5eyIted17DxGqZQUH4MekzUJEIX4y0sIWesbA%3D%3D"}
[debug] [2024-06-15T23:05:22.061Z] >>> [apiv2][query] PUT https://storage.googleapis.com/uploads-809250139137.us-central1.cloudfunctions.appspot.com/b4705298-259d-424b-8278-43a41f2c6af3.zip GoogleAccessId=service-1067126523779%40gcf-admin-robot.iam.gserviceaccount.com&Expires=1718494518&Signature=IXCD5TPKZewAAsh9kyC3TnGeACyvxa07oiHWnYt7IEOq2ve4aZJvMPSqC5p0AiaY8gVd2rj8FOfH6RkkE%2Bz2jmPWPK%2BArkmVb9Q7ywsxf5yymmkeFFuDS%2B5aolbmUwYwKEZ5A4YN8guwa%2BeF7R01SGTpL6urSUg19TZNFjwwkKgsZIT%2F9lbpWXJl2CiO3QMUNQPedPUoMMqfZOMP%2FVPttfQxqqrEc%2FLR898ncc8hjfusIQ6I91y9GcBP%2BiHgIMXlyfWiUJlzbKGJqeYnaXbbgdB2yXmK%2F2QKO%2BIlew%2FU1u8f2LFFd5eyIted17DxGqZQUH4MekzUJEIX4y0sIWesbA%3D%3D
[debug] [2024-06-15T23:05:22.061Z] >>> [apiv2][body] PUT https://storage.googleapis.com/uploads-809250139137.us-central1.cloudfunctions.appspot.com/b4705298-259d-424b-8278-43a41f2c6af3.zip [stream]
[debug] [2024-06-15T23:05:22.507Z] <<< [apiv2][status] PUT https://storage.googleapis.com/uploads-809250139137.us-central1.cloudfunctions.appspot.com/b4705298-259d-424b-8278-43a41f2c6af3.zip 200
[debug] [2024-06-15T23:05:22.507Z] <<< [apiv2][body] PUT https://storage.googleapis.com/uploads-809250139137.us-central1.cloudfunctions.appspot.com/b4705298-259d-424b-8278-43a41f2c6af3.zip [omitted]
[info] +  functions: functions folder uploaded successfully 
[info] i  functions: updating Node.js 14 (1st Gen) function api(us-central1)... 
[debug] [2024-06-15T23:05:22.511Z] >>> [apiv2][query] PATCH https://cloudfunctions.googleapis.com/v1/projects/fir-full-stack-app/locations/us-central1/functions/api updateMask=name%2CsourceUploadUrl%2CentryPoint%2Cruntime%2CdockerRegistry%2Clabels%2ChttpsTrigger.securityLevel%2CenvironmentVariables%2CavailableMemoryMb%2CsourceToken%2CbuildEnvironmentVariables
[debug] [2024-06-15T23:05:22.511Z] >>> [apiv2][body] PATCH https://cloudfunctions.googleapis.com/v1/projects/fir-full-stack-app/locations/us-central1/functions/api {"name":"projects/fir-full-stack-app/locations/us-central1/functions/api","sourceUploadUrl":"https://storage.googleapis.com/uploads-809250139137.us-central1.cloudfunctions.appspot.com/b4705298-259d-424b-8278-43a41f2c6af3.zip?GoogleAccessId=service-1067126523779@gcf-admin-robot.iam.gserviceaccount.com&Expires=1718494518&Signature=IXCD5TPKZewAAsh9kyC3TnGeACyvxa07oiHWnYt7IEOq2ve4aZJvMPSqC5p0AiaY8gVd2rj8FOfH6RkkE%2Bz2jmPWPK%2BArkmVb9Q7ywsxf5yymmkeFFuDS%2B5aolbmUwYwKEZ5A4YN8guwa%2BeF7R01SGTpL6urSUg19TZNFjwwkKgsZIT%2F9lbpWXJl2CiO3QMUNQPedPUoMMqfZOMP%2FVPttfQxqqrEc%2FLR898ncc8hjfusIQ6I91y9GcBP%2BiHgIMXlyfWiUJlzbKGJqeYnaXbbgdB2yXmK%2F2QKO%2BIlew%2FU1u8f2LFFd5eyIted17DxGqZQUH4MekzUJEIX4y0sIWesbA%3D%3D","entryPoint":"api","runtime":"nodejs14","dockerRegistry":"ARTIFACT_REGISTRY","labels":{"deployment-tool":"cli-firebase","firebase-functions-hash":"b53310859c74da20f8691eed317e53b51c0660be"},"httpsTrigger":{"securityLevel":"SECURE_ALWAYS"},"environmentVariables":{"FIREBASE_CONFIG":"{\"projectId\":\"fir-full-stack-app\",\"storageBucket\":\"fir-full-stack-app.appspot.com\",\"locationId\":\"us-central\"}","GCLOUD_PROJECT":"fir-full-stack-app","EVENTARC_CLOUD_EVENT_SOURCE":"projects/fir-full-stack-app/locations/us-central1/functions/api"},"availableMemoryMb":256,"buildEnvironmentVariables":{"GOOGLE_NODE_RUN_SCRIPTS":""}}
[debug] [2024-06-15T23:05:23.022Z] <<< [apiv2][status] PATCH https://cloudfunctions.googleapis.com/v1/projects/fir-full-stack-app/locations/us-central1/functions/api 200
[debug] [2024-06-15T23:05:23.022Z] <<< [apiv2][body] PATCH https://cloudfunctions.googleapis.com/v1/projects/fir-full-stack-app/locations/us-central1/functions/api {"name":"operations/ZmlyLWZ1bGwtc3RhY2stYXBwL3VzLWNlbnRyYWwxL2FwaS8zVUZ3aThkdlB0Zw","metadata":{"@type":"type.googleapis.com/google.cloud.functions.v1.OperationMetadataV1","target":"projects/fir-full-stack-app/locations/us-central1/functions/api","type":"UPDATE_FUNCTION","request":{"@type":"type.googleapis.com/google.cloud.functions.v1.CloudFunction","name":"projects/fir-full-stack-app/locations/us-central1/functions/api","httpsTrigger":{"url":"https://us-central1-fir-full-stack-app.cloudfunctions.net/api","securityLevel":"SECURE_ALWAYS"},"status":"OFFLINE","entryPoint":"api","timeout":"60s","availableMemoryMb":256,"serviceAccountEmail":"fir-full-stack-app@appspot.gserviceaccount.com","updateTime":"2024-06-15T21:43:56.266Z","versionId":"2","labels":{"deployment-tool":"cli-firebase","firebase-functions-hash":"b53310859c74da20f8691eed317e53b51c0660be"},"sourceUploadUrl":"https://storage.googleapis.com/uploads-809250139137.us-central1.cloudfunctions.appspot.com/b4705298-259d-424b-8278-43a41f2c6af3.zip?GoogleAccessId=service-1067126523779@gcf-admin-robot.iam.gserviceaccount.com&Expires=1718494518&Signature=IXCD5TPKZewAAsh9kyC3TnGeACyvxa07oiHWnYt7IEOq2ve4aZJvMPSqC5p0AiaY8gVd2rj8FOfH6RkkE%2Bz2jmPWPK%2BArkmVb9Q7ywsxf5yymmkeFFuDS%2B5aolbmUwYwKEZ5A4YN8guwa%2BeF7R01SGTpL6urSUg19TZNFjwwkKgsZIT%2F9lbpWXJl2CiO3QMUNQPedPUoMMqfZOMP%2FVPttfQxqqrEc%2FLR898ncc8hjfusIQ6I91y9GcBP%2BiHgIMXlyfWiUJlzbKGJqeYnaXbbgdB2yXmK%2F2QKO%2BIlew%2FU1u8f2LFFd5eyIted17DxGqZQUH4MekzUJEIX4y0sIWesbA%3D%3D","environmentVariables":{"FIREBASE_CONFIG":"{\"projectId\":\"fir-full-stack-app\",\"storageBucket\":\"fir-full-stack-app.appspot.com\",\"locationId\":\"us-central\"}","GCLOUD_PROJECT":"fir-full-stack-app","EVENTARC_CLOUD_EVENT_SOURCE":"projects/fir-full-stack-app/locations/us-central1/functions/api"},"runtime":"nodejs14","ingressSettings":"ALLOW_ALL","buildId":"294ad2b7-44a1-482f-8f4d-6bb740034321","buildEnvironmentVariables":{"GOOGLE_NODE_RUN_SCRIPTS":""},"buildName":"projects/1067126523779/locations/us-central1/builds/294ad2b7-44a1-482f-8f4d-6bb740034321","dockerRegistry":"ARTIFACT_REGISTRY","automaticUpdatePolicy":{}},"versionId":"3","updateTime":"2024-06-15T23:05:19Z"}}
[debug] [2024-06-15T23:05:23.022Z] >>> [apiv2][query] GET https://cloudfunctions.googleapis.com/v1/operations/ZmlyLWZ1bGwtc3RhY2stYXBwL3VzLWNlbnRyYWwxL2FwaS8zVUZ3aThkdlB0Zw [none]
[debug] [2024-06-15T23:05:23.165Z] <<< [apiv2][status] GET https://cloudfunctions.googleapis.com/v1/operations/ZmlyLWZ1bGwtc3RhY2stYXBwL3VzLWNlbnRyYWwxL2FwaS8zVUZ3aThkdlB0Zw 200
[debug] [2024-06-15T23:05:23.166Z] <<< [apiv2][body] GET https://cloudfunctions.googleapis.com/v1/operations/ZmlyLWZ1bGwtc3RhY2stYXBwL3VzLWNlbnRyYWwxL2FwaS8zVUZ3aThkdlB0Zw {"name":"operations/ZmlyLWZ1bGwtc3RhY2stYXBwL3VzLWNlbnRyYWwxL2FwaS8zVUZ3aThkdlB0Zw","metadata":{"@type":"type.googleapis.com/google.cloud.functions.v1.OperationMetadataV1","target":"projects/fir-full-stack-app/locations/us-central1/functions/api","type":"UPDATE_FUNCTION","request":{"@type":"type.googleapis.com/google.cloud.functions.v1.CloudFunction","name":"projects/fir-full-stack-app/locations/us-central1/functions/api","httpsTrigger":{"url":"https://us-central1-fir-full-stack-app.cloudfunctions.net/api","securityLevel":"SECURE_ALWAYS"},"status":"OFFLINE","entryPoint":"api","timeout":"60s","availableMemoryMb":256,"serviceAccountEmail":"fir-full-stack-app@appspot.gserviceaccount.com","updateTime":"2024-06-15T21:43:56.266Z","versionId":"2","labels":{"deployment-tool":"cli-firebase","firebase-functions-hash":"b53310859c74da20f8691eed317e53b51c0660be"},"sourceUploadUrl":"https://storage.googleapis.com/uploads-809250139137.us-central1.cloudfunctions.appspot.com/b4705298-259d-424b-8278-43a41f2c6af3.zip?GoogleAccessId=service-1067126523779@gcf-admin-robot.iam.gserviceaccount.com&Expires=1718494518&Signature=IXCD5TPKZewAAsh9kyC3TnGeACyvxa07oiHWnYt7IEOq2ve4aZJvMPSqC5p0AiaY8gVd2rj8FOfH6RkkE%2Bz2jmPWPK%2BArkmVb9Q7ywsxf5yymmkeFFuDS%2B5aolbmUwYwKEZ5A4YN8guwa%2BeF7R01SGTpL6urSUg19TZNFjwwkKgsZIT%2F9lbpWXJl2CiO3QMUNQPedPUoMMqfZOMP%2FVPttfQxqqrEc%2FLR898ncc8hjfusIQ6I91y9GcBP%2BiHgIMXlyfWiUJlzbKGJqeYnaXbbgdB2yXmK%2F2QKO%2BIlew%2FU1u8f2LFFd5eyIted17DxGqZQUH4MekzUJEIX4y0sIWesbA%3D%3D","environmentVariables":{"FIREBASE_CONFIG":"{\"projectId\":\"fir-full-stack-app\",\"storageBucket\":\"fir-full-stack-app.appspot.com\",\"locationId\":\"us-central\"}","GCLOUD_PROJECT":"fir-full-stack-app","EVENTARC_CLOUD_EVENT_SOURCE":"projects/fir-full-stack-app/locations/us-central1/functions/api"},"runtime":"nodejs14","ingressSettings":"ALLOW_ALL","buildId":"294ad2b7-44a1-482f-8f4d-6bb740034321","buildEnvironmentVariables":{"GOOGLE_NODE_RUN_SCRIPTS":""},"buildName":"projects/1067126523779/locations/us-central1/builds/294ad2b7-44a1-482f-8f4d-6bb740034321","dockerRegistry":"ARTIFACT_REGISTRY","automaticUpdatePolicy":{}},"versionId":"3","updateTime":"2024-06-15T23:05:20Z"}}
[debug] [2024-06-15T23:05:23.669Z] [update-default-us-central1-api] Retrying task index 0
[debug] [2024-06-15T23:05:23.669Z] >>> [apiv2][query] GET https://cloudfunctions.googleapis.com/v1/operations/ZmlyLWZ1bGwtc3RhY2stYXBwL3VzLWNlbnRyYWwxL2FwaS8zVUZ3aThkdlB0Zw [none]
[debug] [2024-06-15T23:05:23.839Z] <<< [apiv2][status] GET https://cloudfunctions.googleapis.com/v1/operations/ZmlyLWZ1bGwtc3RhY2stYXBwL3VzLWNlbnRyYWwxL2FwaS8zVUZ3aThkdlB0Zw 200
[debug] [2024-06-15T23:05:23.839Z] <<< [apiv2][body] GET https://cloudfunctions.googleapis.com/v1/operations/ZmlyLWZ1bGwtc3RhY2stYXBwL3VzLWNlbnRyYWwxL2FwaS8zVUZ3aThkdlB0Zw {"name":"operations/ZmlyLWZ1bGwtc3RhY2stYXBwL3VzLWNlbnRyYWwxL2FwaS8zVUZ3aThkdlB0Zw","metadata":{"@type":"type.googleapis.com/google.cloud.functions.v1.OperationMetadataV1","target":"projects/fir-full-stack-app/locations/us-central1/functions/api","type":"UPDATE_FUNCTION","request":{"@type":"type.googleapis.com/google.cloud.functions.v1.CloudFunction","name":"projects/fir-full-stack-app/locations/us-central1/functions/api","httpsTrigger":{"url":"https://us-central1-fir-full-stack-app.cloudfunctions.net/api","securityLevel":"SECURE_ALWAYS"},"status":"OFFLINE","entryPoint":"api","timeout":"60s","availableMemoryMb":256,"serviceAccountEmail":"fir-full-stack-app@appspot.gserviceaccount.com","updateTime":"2024-06-15T21:43:56.266Z","versionId":"2","labels":{"deployment-tool":"cli-firebase","firebase-functions-hash":"b53310859c74da20f8691eed317e53b51c0660be"},"sourceUploadUrl":"https://storage.googleapis.com/uploads-809250139137.us-central1.cloudfunctions.appspot.com/b4705298-259d-424b-8278-43a41f2c6af3.zip?GoogleAccessId=service-1067126523779@gcf-admin-robot.iam.gserviceaccount.com&Expires=1718494518&Signature=IXCD5TPKZewAAsh9kyC3TnGeACyvxa07oiHWnYt7IEOq2ve4aZJvMPSqC5p0AiaY8gVd2rj8FOfH6RkkE%2Bz2jmPWPK%2BArkmVb9Q7ywsxf5yymmkeFFuDS%2B5aolbmUwYwKEZ5A4YN8guwa%2BeF7R01SGTpL6urSUg19TZNFjwwkKgsZIT%2F9lbpWXJl2CiO3QMUNQPedPUoMMqfZOMP%2FVPttfQxqqrEc%2FLR898ncc8hjfusIQ6I91y9GcBP%2BiHgIMXlyfWiUJlzbKGJqeYnaXbbgdB2yXmK%2F2QKO%2BIlew%2FU1u8f2LFFd5eyIted17DxGqZQUH4MekzUJEIX4y0sIWesbA%3D%3D","environmentVariables":{"FIREBASE_CONFIG":"{\"projectId\":\"fir-full-stack-app\",\"storageBucket\":\"fir-full-stack-app.appspot.com\",\"locationId\":\"us-central\"}","GCLOUD_PROJECT":"fir-full-stack-app","EVENTARC_CLOUD_EVENT_SOURCE":"projects/fir-full-stack-app/locations/us-central1/functions/api"},"runtime":"nodejs14","ingressSettings":"ALLOW_ALL","buildId":"294ad2b7-44a1-482f-8f4d-6bb740034321","buildEnvironmentVariables":{"GOOGLE_NODE_RUN_SCRIPTS":""},"buildName":"projects/1067126523779/locations/us-central1/builds/294ad2b7-44a1-482f-8f4d-6bb740034321","dockerRegistry":"ARTIFACT_REGISTRY","automaticUpdatePolicy":{}},"versionId":"3","updateTime":"2024-06-15T23:05:20Z"}}
[debug] [2024-06-15T23:05:24.840Z] [update-default-us-central1-api] Retrying task index 0
[debug] [2024-06-15T23:05:24.840Z] >>> [apiv2][query] GET https://cloudfunctions.googleapis.com/v1/operations/ZmlyLWZ1bGwtc3RhY2stYXBwL3VzLWNlbnRyYWwxL2FwaS8zVUZ3aThkdlB0Zw [none]
[debug] [2024-06-15T23:05:25.065Z] <<< [apiv2][status] GET https://cloudfunctions.googleapis.com/v1/operations/ZmlyLWZ1bGwtc3RhY2stYXBwL3VzLWNlbnRyYWwxL2FwaS8zVUZ3aThkdlB0Zw 200
[debug] [2024-06-15T23:05:25.065Z] <<< [apiv2][body] GET https://cloudfunctions.googleapis.com/v1/operations/ZmlyLWZ1bGwtc3RhY2stYXBwL3VzLWNlbnRyYWwxL2FwaS8zVUZ3aThkdlB0Zw {"name":"operations/ZmlyLWZ1bGwtc3RhY2stYXBwL3VzLWNlbnRyYWwxL2FwaS8zVUZ3aThkdlB0Zw","metadata":{"@type":"type.googleapis.com/google.cloud.functions.v1.OperationMetadataV1","target":"projects/fir-full-stack-app/locations/us-central1/functions/api","type":"UPDATE_FUNCTION","request":{"@type":"type.googleapis.com/google.cloud.functions.v1.CloudFunction","name":"projects/fir-full-stack-app/locations/us-central1/functions/api","httpsTrigger":{"url":"https://us-central1-fir-full-stack-app.cloudfunctions.net/api","securityLevel":"SECURE_ALWAYS"},"status":"OFFLINE","entryPoint":"api","timeout":"60s","availableMemoryMb":256,"serviceAccountEmail":"fir-full-stack-app@appspot.gserviceaccount.com","updateTime":"2024-06-15T21:43:56.266Z","versionId":"2","labels":{"deployment-tool":"cli-firebase","firebase-functions-hash":"b53310859c74da20f8691eed317e53b51c0660be"},"sourceUploadUrl":"https://storage.googleapis.com/uploads-809250139137.us-central1.cloudfunctions.appspot.com/b4705298-259d-424b-8278-43a41f2c6af3.zip?GoogleAccessId=service-1067126523779@gcf-admin-robot.iam.gserviceaccount.com&Expires=1718494518&Signature=IXCD5TPKZewAAsh9kyC3TnGeACyvxa07oiHWnYt7IEOq2ve4aZJvMPSqC5p0AiaY8gVd2rj8FOfH6RkkE%2Bz2jmPWPK%2BArkmVb9Q7ywsxf5yymmkeFFuDS%2B5aolbmUwYwKEZ5A4YN8guwa%2BeF7R01SGTpL6urSUg19TZNFjwwkKgsZIT%2F9lbpWXJl2CiO3QMUNQPedPUoMMqfZOMP%2FVPttfQxqqrEc%2FLR898ncc8hjfusIQ6I91y9GcBP%2BiHgIMXlyfWiUJlzbKGJqeYnaXbbgdB2yXmK%2F2QKO%2BIlew%2FU1u8f2LFFd5eyIted17DxGqZQUH4MekzUJEIX4y0sIWesbA%3D%3D","environmentVariables":{"FIREBASE_CONFIG":"{\"projectId\":\"fir-full-stack-app\",\"storageBucket\":\"fir-full-stack-app.appspot.com\",\"locationId\":\"us-central\"}","GCLOUD_PROJECT":"fir-full-stack-app","EVENTARC_CLOUD_EVENT_SOURCE":"projects/fir-full-stack-app/locations/us-central1/functions/api"},"runtime":"nodejs14","ingressSettings":"ALLOW_ALL","buildId":"294ad2b7-44a1-482f-8f4d-6bb740034321","buildEnvironmentVariables":{"GOOGLE_NODE_RUN_SCRIPTS":""},"buildName":"projects/1067126523779/locations/us-central1/builds/294ad2b7-44a1-482f-8f4d-6bb740034321","dockerRegistry":"ARTIFACT_REGISTRY","automaticUpdatePolicy":{}},"versionId":"3","updateTime":"2024-06-15T23:05:20Z"}}
[debug] [2024-06-15T23:05:27.065Z] [update-default-us-central1-api] Retrying task index 0
[debug] [2024-06-15T23:05:27.066Z] >>> [apiv2][query] GET https://cloudfunctions.googleapis.com/v1/operations/ZmlyLWZ1bGwtc3RhY2stYXBwL3VzLWNlbnRyYWwxL2FwaS8zVUZ3aThkdlB0Zw [none]
[debug] [2024-06-15T23:05:27.220Z] <<< [apiv2][status] GET https://cloudfunctions.googleapis.com/v1/operations/ZmlyLWZ1bGwtc3RhY2stYXBwL3VzLWNlbnRyYWwxL2FwaS8zVUZ3aThkdlB0Zw 200
[debug] [2024-06-15T23:05:27.220Z] <<< [apiv2][body] GET https://cloudfunctions.googleapis.com/v1/operations/ZmlyLWZ1bGwtc3RhY2stYXBwL3VzLWNlbnRyYWwxL2FwaS8zVUZ3aThkdlB0Zw {"name":"operations/ZmlyLWZ1bGwtc3RhY2stYXBwL3VzLWNlbnRyYWwxL2FwaS8zVUZ3aThkdlB0Zw","metadata":{"@type":"type.googleapis.com/google.cloud.functions.v1.OperationMetadataV1","target":"projects/fir-full-stack-app/locations/us-central1/functions/api","type":"UPDATE_FUNCTION","request":{"@type":"type.googleapis.com/google.cloud.functions.v1.CloudFunction","name":"projects/fir-full-stack-app/locations/us-central1/functions/api","httpsTrigger":{"url":"https://us-central1-fir-full-stack-app.cloudfunctions.net/api","securityLevel":"SECURE_ALWAYS"},"status":"OFFLINE","entryPoint":"api","timeout":"60s","availableMemoryMb":256,"serviceAccountEmail":"fir-full-stack-app@appspot.gserviceaccount.com","updateTime":"2024-06-15T21:43:56.266Z","versionId":"2","labels":{"deployment-tool":"cli-firebase","firebase-functions-hash":"b53310859c74da20f8691eed317e53b51c0660be"},"sourceUploadUrl":"https://storage.googleapis.com/uploads-809250139137.us-central1.cloudfunctions.appspot.com/b4705298-259d-424b-8278-43a41f2c6af3.zip?GoogleAccessId=service-1067126523779@gcf-admin-robot.iam.gserviceaccount.com&Expires=1718494518&Signature=IXCD5TPKZewAAsh9kyC3TnGeACyvxa07oiHWnYt7IEOq2ve4aZJvMPSqC5p0AiaY8gVd2rj8FOfH6RkkE%2Bz2jmPWPK%2BArkmVb9Q7ywsxf5yymmkeFFuDS%2B5aolbmUwYwKEZ5A4YN8guwa%2BeF7R01SGTpL6urSUg19TZNFjwwkKgsZIT%2F9lbpWXJl2CiO3QMUNQPedPUoMMqfZOMP%2FVPttfQxqqrEc%2FLR898ncc8hjfusIQ6I91y9GcBP%2BiHgIMXlyfWiUJlzbKGJqeYnaXbbgdB2yXmK%2F2QKO%2BIlew%2FU1u8f2LFFd5eyIted17DxGqZQUH4MekzUJEIX4y0sIWesbA%3D%3D","environmentVariables":{"FIREBASE_CONFIG":"{\"projectId\":\"fir-full-stack-app\",\"storageBucket\":\"fir-full-stack-app.appspot.com\",\"locationId\":\"us-central\"}","GCLOUD_PROJECT":"fir-full-stack-app","EVENTARC_CLOUD_EVENT_SOURCE":"projects/fir-full-stack-app/locations/us-central1/functions/api"},"runtime":"nodejs14","ingressSettings":"ALLOW_ALL","buildId":"294ad2b7-44a1-482f-8f4d-6bb740034321","buildEnvironmentVariables":{"GOOGLE_NODE_RUN_SCRIPTS":""},"buildName":"projects/1067126523779/locations/us-central1/builds/294ad2b7-44a1-482f-8f4d-6bb740034321","dockerRegistry":"ARTIFACT_REGISTRY","automaticUpdatePolicy":{}},"versionId":"3","updateTime":"2024-06-15T23:05:20Z","buildId":"c85be909-06b1-431e-9ddb-00766332d4a4","buildName":"projects/1067126523779/locations/us-central1/builds/c85be909-06b1-431e-9ddb-00766332d4a4"}}
[debug] [2024-06-15T23:05:31.235Z] [update-default-us-central1-api] Retrying task index 0
[debug] [2024-06-15T23:05:31.235Z] >>> [apiv2][query] GET https://cloudfunctions.googleapis.com/v1/operations/ZmlyLWZ1bGwtc3RhY2stYXBwL3VzLWNlbnRyYWwxL2FwaS8zVUZ3aThkdlB0Zw [none]
[debug] [2024-06-15T23:05:31.382Z] <<< [apiv2][status] GET https://cloudfunctions.googleapis.com/v1/operations/ZmlyLWZ1bGwtc3RhY2stYXBwL3VzLWNlbnRyYWwxL2FwaS8zVUZ3aThkdlB0Zw 200
[debug] [2024-06-15T23:05:31.382Z] <<< [apiv2][body] GET https://cloudfunctions.googleapis.com/v1/operations/ZmlyLWZ1bGwtc3RhY2stYXBwL3VzLWNlbnRyYWwxL2FwaS8zVUZ3aThkdlB0Zw {"name":"operations/ZmlyLWZ1bGwtc3RhY2stYXBwL3VzLWNlbnRyYWwxL2FwaS8zVUZ3aThkdlB0Zw","metadata":{"@type":"type.googleapis.com/google.cloud.functions.v1.OperationMetadataV1","target":"projects/fir-full-stack-app/locations/us-central1/functions/api","type":"UPDATE_FUNCTION","request":{"@type":"type.googleapis.com/google.cloud.functions.v1.CloudFunction","name":"projects/fir-full-stack-app/locations/us-central1/functions/api","httpsTrigger":{"url":"https://us-central1-fir-full-stack-app.cloudfunctions.net/api","securityLevel":"SECURE_ALWAYS"},"status":"OFFLINE","entryPoint":"api","timeout":"60s","availableMemoryMb":256,"serviceAccountEmail":"fir-full-stack-app@appspot.gserviceaccount.com","updateTime":"2024-06-15T21:43:56.266Z","versionId":"2","labels":{"deployment-tool":"cli-firebase","firebase-functions-hash":"b53310859c74da20f8691eed317e53b51c0660be"},"sourceUploadUrl":"https://storage.googleapis.com/uploads-809250139137.us-central1.cloudfunctions.appspot.com/b4705298-259d-424b-8278-43a41f2c6af3.zip?GoogleAccessId=service-1067126523779@gcf-admin-robot.iam.gserviceaccount.com&Expires=1718494518&Signature=IXCD5TPKZewAAsh9kyC3TnGeACyvxa07oiHWnYt7IEOq2ve4aZJvMPSqC5p0AiaY8gVd2rj8FOfH6RkkE%2Bz2jmPWPK%2BArkmVb9Q7ywsxf5yymmkeFFuDS%2B5aolbmUwYwKEZ5A4YN8guwa%2BeF7R01SGTpL6urSUg19TZNFjwwkKgsZIT%2F9lbpWXJl2CiO3QMUNQPedPUoMMqfZOMP%2FVPttfQxqqrEc%2FLR898ncc8hjfusIQ6I91y9GcBP%2BiHgIMXlyfWiUJlzbKGJqeYnaXbbgdB2yXmK%2F2QKO%2BIlew%2FU1u8f2LFFd5eyIted17DxGqZQUH4MekzUJEIX4y0sIWesbA%3D%3D","environmentVariables":{"FIREBASE_CONFIG":"{\"projectId\":\"fir-full-stack-app\",\"storageBucket\":\"fir-full-stack-app.appspot.com\",\"locationId\":\"us-central\"}","GCLOUD_PROJECT":"fir-full-stack-app","EVENTARC_CLOUD_EVENT_SOURCE":"projects/fir-full-stack-app/locations/us-central1/functions/api"},"runtime":"nodejs14","ingressSettings":"ALLOW_ALL","buildId":"294ad2b7-44a1-482f-8f4d-6bb740034321","buildEnvironmentVariables":{"GOOGLE_NODE_RUN_SCRIPTS":""},"buildName":"projects/1067126523779/locations/us-central1/builds/294ad2b7-44a1-482f-8f4d-6bb740034321","dockerRegistry":"ARTIFACT_REGISTRY","automaticUpdatePolicy":{}},"versionId":"3","updateTime":"2024-06-15T23:05:20Z","buildId":"c85be909-06b1-431e-9ddb-00766332d4a4","buildName":"projects/1067126523779/locations/us-central1/builds/c85be909-06b1-431e-9ddb-00766332d4a4"}}
[debug] [2024-06-15T23:05:39.392Z] [update-default-us-central1-api] Retrying task index 0
[debug] [2024-06-15T23:05:39.392Z] >>> [apiv2][query] GET https://cloudfunctions.googleapis.com/v1/operations/ZmlyLWZ1bGwtc3RhY2stYXBwL3VzLWNlbnRyYWwxL2FwaS8zVUZ3aThkdlB0Zw [none]
[debug] [2024-06-15T23:05:39.635Z] <<< [apiv2][status] GET https://cloudfunctions.googleapis.com/v1/operations/ZmlyLWZ1bGwtc3RhY2stYXBwL3VzLWNlbnRyYWwxL2FwaS8zVUZ3aThkdlB0Zw 200
[debug] [2024-06-15T23:05:39.635Z] <<< [apiv2][body] GET https://cloudfunctions.googleapis.com/v1/operations/ZmlyLWZ1bGwtc3RhY2stYXBwL3VzLWNlbnRyYWwxL2FwaS8zVUZ3aThkdlB0Zw {"name":"operations/ZmlyLWZ1bGwtc3RhY2stYXBwL3VzLWNlbnRyYWwxL2FwaS8zVUZ3aThkdlB0Zw","metadata":{"@type":"type.googleapis.com/google.cloud.functions.v1.OperationMetadataV1","target":"projects/fir-full-stack-app/locations/us-central1/functions/api","type":"UPDATE_FUNCTION","request":{"@type":"type.googleapis.com/google.cloud.functions.v1.CloudFunction","name":"projects/fir-full-stack-app/locations/us-central1/functions/api","httpsTrigger":{"url":"https://us-central1-fir-full-stack-app.cloudfunctions.net/api","securityLevel":"SECURE_ALWAYS"},"status":"OFFLINE","entryPoint":"api","timeout":"60s","availableMemoryMb":256,"serviceAccountEmail":"fir-full-stack-app@appspot.gserviceaccount.com","updateTime":"2024-06-15T21:43:56.266Z","versionId":"2","labels":{"deployment-tool":"cli-firebase","firebase-functions-hash":"b53310859c74da20f8691eed317e53b51c0660be"},"sourceUploadUrl":"https://storage.googleapis.com/uploads-809250139137.us-central1.cloudfunctions.appspot.com/b4705298-259d-424b-8278-43a41f2c6af3.zip?GoogleAccessId=service-1067126523779@gcf-admin-robot.iam.gserviceaccount.com&Expires=1718494518&Signature=IXCD5TPKZewAAsh9kyC3TnGeACyvxa07oiHWnYt7IEOq2ve4aZJvMPSqC5p0AiaY8gVd2rj8FOfH6RkkE%2Bz2jmPWPK%2BArkmVb9Q7ywsxf5yymmkeFFuDS%2B5aolbmUwYwKEZ5A4YN8guwa%2BeF7R01SGTpL6urSUg19TZNFjwwkKgsZIT%2F9lbpWXJl2CiO3QMUNQPedPUoMMqfZOMP%2FVPttfQxqqrEc%2FLR898ncc8hjfusIQ6I91y9GcBP%2BiHgIMXlyfWiUJlzbKGJqeYnaXbbgdB2yXmK%2F2QKO%2BIlew%2FU1u8f2LFFd5eyIted17DxGqZQUH4MekzUJEIX4y0sIWesbA%3D%3D","environmentVariables":{"FIREBASE_CONFIG":"{\"projectId\":\"fir-full-stack-app\",\"storageBucket\":\"fir-full-stack-app.appspot.com\",\"locationId\":\"us-central\"}","GCLOUD_PROJECT":"fir-full-stack-app","EVENTARC_CLOUD_EVENT_SOURCE":"projects/fir-full-stack-app/locations/us-central1/functions/api"},"runtime":"nodejs14","ingressSettings":"ALLOW_ALL","buildId":"294ad2b7-44a1-482f-8f4d-6bb740034321","buildEnvironmentVariables":{"GOOGLE_NODE_RUN_SCRIPTS":""},"buildName":"projects/1067126523779/locations/us-central1/builds/294ad2b7-44a1-482f-8f4d-6bb740034321","dockerRegistry":"ARTIFACT_REGISTRY","automaticUpdatePolicy":{}},"versionId":"3","updateTime":"2024-06-15T23:05:20Z","buildId":"c85be909-06b1-431e-9ddb-00766332d4a4","buildName":"projects/1067126523779/locations/us-central1/builds/c85be909-06b1-431e-9ddb-00766332d4a4"}}
[debug] [2024-06-15T23:05:49.642Z] [update-default-us-central1-api] Retrying task index 0
[debug] [2024-06-15T23:05:49.643Z] >>> [apiv2][query] GET https://cloudfunctions.googleapis.com/v1/operations/ZmlyLWZ1bGwtc3RhY2stYXBwL3VzLWNlbnRyYWwxL2FwaS8zVUZ3aThkdlB0Zw [none]
[debug] [2024-06-15T23:05:49.991Z] <<< [apiv2][status] GET https://cloudfunctions.googleapis.com/v1/operations/ZmlyLWZ1bGwtc3RhY2stYXBwL3VzLWNlbnRyYWwxL2FwaS8zVUZ3aThkdlB0Zw 200
[debug] [2024-06-15T23:05:49.992Z] <<< [apiv2][body] GET https://cloudfunctions.googleapis.com/v1/operations/ZmlyLWZ1bGwtc3RhY2stYXBwL3VzLWNlbnRyYWwxL2FwaS8zVUZ3aThkdlB0Zw {"name":"operations/ZmlyLWZ1bGwtc3RhY2stYXBwL3VzLWNlbnRyYWwxL2FwaS8zVUZ3aThkdlB0Zw","metadata":{"@type":"type.googleapis.com/google.cloud.functions.v1.OperationMetadataV1","target":"projects/fir-full-stack-app/locations/us-central1/functions/api","type":"UPDATE_FUNCTION","request":{"@type":"type.googleapis.com/google.cloud.functions.v1.CloudFunction","name":"projects/fir-full-stack-app/locations/us-central1/functions/api","httpsTrigger":{"url":"https://us-central1-fir-full-stack-app.cloudfunctions.net/api","securityLevel":"SECURE_ALWAYS"},"status":"OFFLINE","entryPoint":"api","timeout":"60s","availableMemoryMb":256,"serviceAccountEmail":"fir-full-stack-app@appspot.gserviceaccount.com","updateTime":"2024-06-15T21:43:56.266Z","versionId":"2","labels":{"deployment-tool":"cli-firebase","firebase-functions-hash":"b53310859c74da20f8691eed317e53b51c0660be"},"sourceUploadUrl":"https://storage.googleapis.com/uploads-809250139137.us-central1.cloudfunctions.appspot.com/b4705298-259d-424b-8278-43a41f2c6af3.zip?GoogleAccessId=service-1067126523779@gcf-admin-robot.iam.gserviceaccount.com&Expires=1718494518&Signature=IXCD5TPKZewAAsh9kyC3TnGeACyvxa07oiHWnYt7IEOq2ve4aZJvMPSqC5p0AiaY8gVd2rj8FOfH6RkkE%2Bz2jmPWPK%2BArkmVb9Q7ywsxf5yymmkeFFuDS%2B5aolbmUwYwKEZ5A4YN8guwa%2BeF7R01SGTpL6urSUg19TZNFjwwkKgsZIT%2F9lbpWXJl2CiO3QMUNQPedPUoMMqfZOMP%2FVPttfQxqqrEc%2FLR898ncc8hjfusIQ6I91y9GcBP%2BiHgIMXlyfWiUJlzbKGJqeYnaXbbgdB2yXmK%2F2QKO%2BIlew%2FU1u8f2LFFd5eyIted17DxGqZQUH4MekzUJEIX4y0sIWesbA%3D%3D","environmentVariables":{"FIREBASE_CONFIG":"{\"projectId\":\"fir-full-stack-app\",\"storageBucket\":\"fir-full-stack-app.appspot.com\",\"locationId\":\"us-central\"}","GCLOUD_PROJECT":"fir-full-stack-app","EVENTARC_CLOUD_EVENT_SOURCE":"projects/fir-full-stack-app/locations/us-central1/functions/api"},"runtime":"nodejs14","ingressSettings":"ALLOW_ALL","buildId":"294ad2b7-44a1-482f-8f4d-6bb740034321","buildEnvironmentVariables":{"GOOGLE_NODE_RUN_SCRIPTS":""},"buildName":"projects/1067126523779/locations/us-central1/builds/294ad2b7-44a1-482f-8f4d-6bb740034321","dockerRegistry":"ARTIFACT_REGISTRY","automaticUpdatePolicy":{}},"versionId":"3","updateTime":"2024-06-15T23:05:42Z","buildId":"c85be909-06b1-431e-9ddb-00766332d4a4","buildName":"projects/1067126523779/locations/us-central1/builds/c85be909-06b1-431e-9ddb-00766332d4a4"},"done":true,"error":{"code":3,"message":"Build failed: npm ERR! Cannot read property 'express' of undefined\n\nnpm ERR! A complete log of this run can be found in:\nnpm ERR!     /www-data-home/.npm/_logs/2024-06-15T23_05_37_401Z-debug.log; Error ID: beaf8772"}}
[debug] [2024-06-15T23:05:49.992Z] Got source token undefined for region us-central1
[error] Build failed: npm ERR! Cannot read property 'express' of undefined

npm ERR! A complete log of this run can be found in:
npm ERR!     /www-data-home/.npm/_logs/2024-06-15T23_05_37_401Z-debug.log; Error ID: beaf8772
[debug] [2024-06-15T23:05:49.993Z] Total Function Deployment time: 27483
[debug] [2024-06-15T23:05:49.993Z] 1 Functions Deployed
[debug] [2024-06-15T23:05:49.993Z] 1 Functions Errored
[debug] [2024-06-15T23:05:49.993Z] 0 Function Deployments Aborted
[debug] [2024-06-15T23:05:49.994Z] Average Function Deployment time: 27482
[info] 
[info] Functions deploy had errors with the following functions:
	api(us-central1)
[debug] [2024-06-15T23:05:49.994Z] Not printing URL for HTTPS function. Typically this means it didn't match a filter or we failed deployment
[info] i  functions: cleaning up build files... 
[debug] [2024-06-15T23:05:49.995Z] >>> [apiv2][query] DELETE https://artifactregistry.googleapis.com/v1beta2/projects/fir-full-stack-app/locations/us-central1/repositories/gcf-artifacts/packages/api [none]
[debug] [2024-06-15T23:05:49.996Z] >>> [apiv2][query] GET https://us.gcr.io/v2/fir-full-stack-app/gcf/us-central1/tags/list [none]
[debug] [2024-06-15T23:05:50.253Z] <<< [apiv2][status] DELETE https://artifactregistry.googleapis.com/v1beta2/projects/fir-full-stack-app/locations/us-central1/repositories/gcf-artifacts/packages/api 404
[debug] [2024-06-15T23:05:50.253Z] <<< [apiv2][body] DELETE https://artifactregistry.googleapis.com/v1beta2/projects/fir-full-stack-app/locations/us-central1/repositories/gcf-artifacts/packages/api {"error":{"code":404,"message":"Package \"projects/fir-full-stack-app/locations/us-central1/repositories/gcf-artifacts/packages/api\" was not found.","status":"NOT_FOUND"}}
[debug] [2024-06-15T23:05:50.284Z] <<< [apiv2][status] GET https://us.gcr.io/v2/fir-full-stack-app/gcf/us-central1/tags/list 404
[debug] [2024-06-15T23:05:50.284Z] <<< [apiv2][body] GET https://us.gcr.io/v2/fir-full-stack-app/gcf/us-central1/tags/list {"errors":[{"code":"NAME_UNKNOWN","message":"Repository \"us.gcr.io\" not found"}]}
[debug] [2024-06-15T23:05:50.284Z] Failed docker command with error  HTTP Error: 404, Not Found {"name":"FirebaseError","children":[],"context":{"body":{"errors":[{"code":"NAME_UNKNOWN","message":"Repository \"us.gcr.io\" not found"}],"error":{"message":"Not Found"}},"response":{"statusCode":404}},"exit":1,"message":"HTTP Error: 404, Not Found","status":404}
[debug] [2024-06-15T23:05:50.298Z] >>> [apiv2][query] GET https://us.gcr.io/v2/fir-full-stack-app/gcf/us-central1/tags/list [none]
[debug] [2024-06-15T23:05:50.551Z] <<< [apiv2][status] GET https://us.gcr.io/v2/fir-full-stack-app/gcf/us-central1/tags/list 404
[debug] [2024-06-15T23:05:50.551Z] <<< [apiv2][body] GET https://us.gcr.io/v2/fir-full-stack-app/gcf/us-central1/tags/list {"errors":[{"code":"NAME_UNKNOWN","message":"Repository \"us.gcr.io\" not found"}]}
[debug] [2024-06-15T23:05:50.551Z] Failed docker command with error  HTTP Error: 404, Not Found {"name":"FirebaseError","children":[],"context":{"body":{"errors":[{"code":"NAME_UNKNOWN","message":"Repository \"us.gcr.io\" not found"}],"error":{"message":"Not Found"}},"response":{"statusCode":404}},"exit":1,"message":"HTTP Error: 404, Not Found","status":404}
[debug] [2024-06-15T23:05:50.659Z] >>> [apiv2][query] GET https://us.gcr.io/v2/fir-full-stack-app/gcf/us-central1/tags/list [none]
[debug] [2024-06-15T23:05:50.866Z] <<< [apiv2][status] GET https://us.gcr.io/v2/fir-full-stack-app/gcf/us-central1/tags/list 404
[debug] [2024-06-15T23:05:50.866Z] <<< [apiv2][body] GET https://us.gcr.io/v2/fir-full-stack-app/gcf/us-central1/tags/list {"errors":[{"code":"NAME_UNKNOWN","message":"Repository \"us.gcr.io\" not found"}]}
[debug] [2024-06-15T23:05:50.867Z] Failed docker command with error  HTTP Error: 404, Not Found {"name":"FirebaseError","children":[],"context":{"body":{"errors":[{"code":"NAME_UNKNOWN","message":"Repository \"us.gcr.io\" not found"}],"error":{"message":"Not Found"}},"response":{"statusCode":404}},"exit":1,"message":"HTTP Error: 404, Not Found","status":404}
[warn] !  functions: Unhandled error cleaning up build images. This could result in a small monthly bill if not corrected. You can attempt to delete these images by redeploying or you can delete them manually at https://console.cloud.google.com/gcr/images/fir-full-stack-app/us/gcf 
[debug] [2024-06-15T23:05:50.867Z] Functions deploy failed.
[debug] [2024-06-15T23:05:50.867Z] {
  "endpoint": {
    "id": "api",
    "project": "fir-full-stack-app",
    "region": "us-central1",
    "entryPoint": "api",
    "platform": "gcfv1",
    "runtime": "nodejs14",
    "httpsTrigger": {},
    "environmentVariables": {
      "FIREBASE_CONFIG": "{\"projectId\":\"fir-full-stack-app\",\"storageBucket\":\"fir-full-stack-app.appspot.com\",\"locationId\":\"us-central\"}",
      "GCLOUD_PROJECT": "fir-full-stack-app",
      "EVENTARC_CLOUD_EVENT_SOURCE": "projects/fir-full-stack-app/locations/us-central1/functions/api"
    },
    "codebase": "default",
    "availableMemoryMb": 256,
    "securityLevel": "SECURE_ALWAYS",
    "targetedByOnly": false,
    "hash": "b53310859c74da20f8691eed317e53b51c0660be",
    "labels": {
      "deployment-tool": "cli-firebase"
    }
  },
  "op": "update",
  "original": {
    "name": "FirebaseError",
    "children": [],
    "exit": 1,
    "message": "Build failed: npm ERR! Cannot read property 'express' of undefined\n\nnpm ERR! A complete log of this run can be found in:\nnpm ERR!     /www-data-home/.npm/_logs/2024-06-15T23_05_37_401Z-debug.log; Error ID: beaf8772",
    "status": 3,
    "code": 3
  }
}
[debug] [2024-06-15T23:05:50.868Z] Error: Failed to update function api in region us-central1
    at C:\Users\dealv\AppData\Roaming\npm\node_modules\firebase-tools\lib\deploy\functions\release\fabricator.js:51:11
    at process.processTicksAndRejections (node:internal/process/task_queues:95:5)
    at async Fabricator.updateV1Function (C:\Users\dealv\AppData\Roaming\npm\node_modules\firebase-tools\lib\deploy\functions\release\fabricator.js:349:32)
    at async Fabricator.updateEndpoint (C:\Users\dealv\AppData\Roaming\npm\node_modules\firebase-tools\lib\deploy\functions\release\fabricator.js:151:13)
    at async handle (C:\Users\dealv\AppData\Roaming\npm\node_modules\firebase-tools\lib\deploy\functions\release\fabricator.js:88:17)
[error] 
[error] Error: There was an error deploying functions
